<?xml version="1.0" encoding="UTF-8"?>
<testng-results ignored="0" total="9" passed="9" failed="0" skipped="0">
  <reporter-output>
  </reporter-output>
  <suite started-at="2024-08-24T10:09:10 GMT" name="vendor-portal" finished-at="2024-08-24T10:09:24 GMT" duration-ms="14179">
    <groups>
    </groups>
    <test started-at="2024-08-24T10:09:10 GMT" name="user-sam" finished-at="2024-08-24T10:09:18 GMT" duration-ms="8441">
      <class name="com.vinsguru.tests.vendorportal.VendorPortalTest">
        <test-method is-config="true" signature="setDriver(org.testng.ITestContext)[pri:0, instance:com.vinsguru.tests.vendorportal.VendorPortalTest@5c669da8]" started-at="2024-08-24T10:09:10 GMT" name="setDriver" finished-at="2024-08-24T10:09:11 GMT" duration-ms="1511" status="PASS">
          <params>
            <param index="0">
              <value>
                <![CDATA[org.testng.TestRunner@6ce86ce1]]>
              </value>
            </param>
          </params>
          <reporter-output>
          </reporter-output>
        </test-method> <!-- setDriver -->
        <test-method is-config="true" signature="setPageObjects(java.lang.String)[pri:0, instance:com.vinsguru.tests.vendorportal.VendorPortalTest@5c669da8]" started-at="2024-08-24T10:09:11 GMT" name="setPageObjects" finished-at="2024-08-24T10:09:12 GMT" depends-on-methods="com.vinsguru.tests.AbstractTest.setDriver" duration-ms="361" status="PASS">
          <params>
            <param index="0">
              <value>
                <![CDATA[test-data/vendor-portal/sam.json]]>
              </value>
            </param>
          </params>
          <reporter-output>
          </reporter-output>
        </test-method> <!-- setPageObjects -->
        <test-method signature="loginTest()[pri:0, instance:com.vinsguru.tests.vendorportal.VendorPortalTest@5c669da8]" started-at="2024-08-24T10:09:12 GMT" name="loginTest" finished-at="2024-08-24T10:09:14 GMT" duration-ms="1871" status="PASS">
          <reporter-output>
          </reporter-output>
        </test-method> <!-- loginTest -->
        <test-method signature="dashboardTest()[pri:0, instance:com.vinsguru.tests.vendorportal.VendorPortalTest@5c669da8]" started-at="2024-08-24T10:09:14 GMT" name="dashboardTest" finished-at="2024-08-24T10:09:17 GMT" depends-on-methods="com.vinsguru.tests.vendorportal.VendorPortalTest.loginTest" duration-ms="3541" status="PASS">
          <reporter-output>
          </reporter-output>
        </test-method> <!-- dashboardTest -->
        <test-method signature="logoutTest()[pri:0, instance:com.vinsguru.tests.vendorportal.VendorPortalTest@5c669da8]" started-at="2024-08-24T10:09:17 GMT" name="logoutTest" finished-at="2024-08-24T10:09:18 GMT" depends-on-methods="com.vinsguru.tests.vendorportal.VendorPortalTest.dashboardTest" duration-ms="1041" status="PASS">
          <reporter-output>
          </reporter-output>
        </test-method> <!-- logoutTest -->
        <test-method is-config="true" signature="quitDriver()[pri:0, instance:com.vinsguru.tests.vendorportal.VendorPortalTest@5c669da8]" started-at="2024-08-24T10:09:18 GMT" name="quitDriver" finished-at="2024-08-24T10:09:18 GMT" duration-ms="87" status="PASS">
          <reporter-output>
          </reporter-output>
        </test-method> <!-- quitDriver -->
      </class> <!-- com.vinsguru.tests.vendorportal.VendorPortalTest -->
    </test> <!-- user-sam -->
    <test started-at="2024-08-24T10:09:10 GMT" name="user-john" finished-at="2024-08-24T10:09:19 GMT" duration-ms="8899">
      <class name="com.vinsguru.tests.vendorportal.VendorPortalTest">
        <test-method is-config="true" signature="setupConfig()[pri:0, instance:com.vinsguru.tests.vendorportal.VendorPortalTest@4278284b]" started-at="2024-08-24T10:09:10 GMT" name="setupConfig" finished-at="2024-08-24T10:09:10 GMT" duration-ms="11" status="PASS">
          <reporter-output>
          </reporter-output>
        </test-method> <!-- setupConfig -->
        <test-method is-config="true" signature="setDriver(org.testng.ITestContext)[pri:0, instance:com.vinsguru.tests.vendorportal.VendorPortalTest@4278284b]" started-at="2024-08-24T10:09:10 GMT" name="setDriver" finished-at="2024-08-24T10:09:11 GMT" duration-ms="1511" status="PASS">
          <params>
            <param index="0">
              <value>
                <![CDATA[org.testng.TestRunner@54e7df6a]]>
              </value>
            </param>
          </params>
          <reporter-output>
          </reporter-output>
        </test-method> <!-- setDriver -->
        <test-method is-config="true" signature="setPageObjects(java.lang.String)[pri:0, instance:com.vinsguru.tests.vendorportal.VendorPortalTest@4278284b]" started-at="2024-08-24T10:09:11 GMT" name="setPageObjects" finished-at="2024-08-24T10:09:12 GMT" depends-on-methods="com.vinsguru.tests.AbstractTest.setDriver" duration-ms="361" status="PASS">
          <params>
            <param index="0">
              <value>
                <![CDATA[test-data/vendor-portal/john.json]]>
              </value>
            </param>
          </params>
          <reporter-output>
          </reporter-output>
        </test-method> <!-- setPageObjects -->
        <test-method signature="loginTest()[pri:0, instance:com.vinsguru.tests.vendorportal.VendorPortalTest@4278284b]" started-at="2024-08-24T10:09:12 GMT" name="loginTest" finished-at="2024-08-24T10:09:14 GMT" duration-ms="1949" status="PASS">
          <reporter-output>
          </reporter-output>
        </test-method> <!-- loginTest -->
        <test-method signature="dashboardTest()[pri:0, instance:com.vinsguru.tests.vendorportal.VendorPortalTest@4278284b]" started-at="2024-08-24T10:09:14 GMT" name="dashboardTest" finished-at="2024-08-24T10:09:17 GMT" depends-on-methods="com.vinsguru.tests.vendorportal.VendorPortalTest.loginTest" duration-ms="3416" status="PASS">
          <reporter-output>
          </reporter-output>
        </test-method> <!-- dashboardTest -->
        <test-method signature="logoutTest()[pri:0, instance:com.vinsguru.tests.vendorportal.VendorPortalTest@4278284b]" started-at="2024-08-24T10:09:17 GMT" name="logoutTest" finished-at="2024-08-24T10:09:19 GMT" depends-on-methods="com.vinsguru.tests.vendorportal.VendorPortalTest.dashboardTest" duration-ms="1558" status="PASS">
          <reporter-output>
          </reporter-output>
        </test-method> <!-- logoutTest -->
        <test-method is-config="true" signature="quitDriver()[pri:0, instance:com.vinsguru.tests.vendorportal.VendorPortalTest@4278284b]" started-at="2024-08-24T10:09:19 GMT" name="quitDriver" finished-at="2024-08-24T10:09:19 GMT" duration-ms="77" status="PASS">
          <reporter-output>
          </reporter-output>
        </test-method> <!-- quitDriver -->
      </class> <!-- com.vinsguru.tests.vendorportal.VendorPortalTest -->
    </test> <!-- user-john -->
    <test started-at="2024-08-24T10:09:10 GMT" name="user-mike" finished-at="2024-08-24T10:09:24 GMT" duration-ms="14179">
      <class name="com.vinsguru.tests.vendorportal.VendorPortalTest">
        <test-method is-config="true" signature="setDriver(org.testng.ITestContext)[pri:0, instance:com.vinsguru.tests.vendorportal.VendorPortalTest@332729ad]" started-at="2024-08-24T10:09:10 GMT" name="setDriver" finished-at="2024-08-24T10:09:11 GMT" duration-ms="1510" status="PASS">
          <params>
            <param index="0">
              <value>
                <![CDATA[org.testng.TestRunner@3fed2870]]>
              </value>
            </param>
          </params>
          <reporter-output>
          </reporter-output>
        </test-method> <!-- setDriver -->
        <test-method is-config="true" signature="setPageObjects(java.lang.String)[pri:0, instance:com.vinsguru.tests.vendorportal.VendorPortalTest@332729ad]" started-at="2024-08-24T10:09:11 GMT" name="setPageObjects" finished-at="2024-08-24T10:09:12 GMT" depends-on-methods="com.vinsguru.tests.AbstractTest.setDriver" duration-ms="361" status="PASS">
          <params>
            <param index="0">
              <value>
                <![CDATA[test-data/vendor-portal/mike.json]]>
              </value>
            </param>
          </params>
          <reporter-output>
          </reporter-output>
        </test-method> <!-- setPageObjects -->
        <test-method signature="loginTest()[pri:0, instance:com.vinsguru.tests.vendorportal.VendorPortalTest@332729ad]" started-at="2024-08-24T10:09:12 GMT" name="loginTest" finished-at="2024-08-24T10:09:14 GMT" duration-ms="1883" status="PASS">
          <reporter-output>
          </reporter-output>
        </test-method> <!-- loginTest -->
        <test-method signature="dashboardTest()[pri:0, instance:com.vinsguru.tests.vendorportal.VendorPortalTest@332729ad]" started-at="2024-08-24T10:09:14 GMT" name="dashboardTest" finished-at="2024-08-24T10:09:23 GMT" depends-on-methods="com.vinsguru.tests.vendorportal.VendorPortalTest.loginTest" duration-ms="8858" status="PASS">
          <reporter-output>
          </reporter-output>
        </test-method> <!-- dashboardTest -->
        <test-method signature="logoutTest()[pri:0, instance:com.vinsguru.tests.vendorportal.VendorPortalTest@332729ad]" started-at="2024-08-24T10:09:23 GMT" name="logoutTest" finished-at="2024-08-24T10:09:24 GMT" depends-on-methods="com.vinsguru.tests.vendorportal.VendorPortalTest.dashboardTest" duration-ms="1463" status="PASS">
          <reporter-output>
          </reporter-output>
        </test-method> <!-- logoutTest -->
        <test-method is-config="true" signature="quitDriver()[pri:0, instance:com.vinsguru.tests.vendorportal.VendorPortalTest@332729ad]" started-at="2024-08-24T10:09:24 GMT" name="quitDriver" finished-at="2024-08-24T10:09:24 GMT" duration-ms="76" status="PASS">
          <reporter-output>
          </reporter-output>
        </test-method> <!-- quitDriver -->
      </class> <!-- com.vinsguru.tests.vendorportal.VendorPortalTest -->
    </test> <!-- user-mike -->
  </suite> <!-- vendor-portal -->
</testng-results>
