<?xml version="1.0" encoding="UTF-8"?>
<testng-results ignored="0" total="20" passed="20" failed="0" skipped="0">
  <reporter-output>
  </reporter-output>
  <suite started-at="2024-08-24T10:21:26 GMT" name="flight-reservation" finished-at="2024-08-24T10:21:59 GMT" duration-ms="32543">
    <groups>
    </groups>
    <test started-at="2024-08-24T10:21:26 GMT" name="passengers-count-1" finished-at="2024-08-24T10:21:34 GMT" duration-ms="8387">
      <class name="com.vinsguru.tests.flightreservation.FlightReservationTest">
        <test-method is-config="true" signature="setDriver(org.testng.ITestContext)[pri:0, instance:com.vinsguru.tests.flightreservation.FlightReservationTest@4032d386]" started-at="2024-08-24T10:21:26 GMT" name="setDriver" finished-at="2024-08-24T10:21:27 GMT" duration-ms="926" status="PASS">
          <params>
            <param index="0">
              <value>
                <![CDATA[org.testng.TestRunner@764faa6]]>
              </value>
            </param>
          </params>
          <reporter-output>
          </reporter-output>
        </test-method> <!-- setDriver -->
        <test-method is-config="true" signature="setParameters(java.lang.String)[pri:0, instance:com.vinsguru.tests.flightreservation.FlightReservationTest@4032d386]" started-at="2024-08-24T10:21:27 GMT" name="setParameters" finished-at="2024-08-24T10:21:27 GMT" depends-on-methods="com.vinsguru.tests.AbstractTest.setDriver" duration-ms="222" status="PASS">
          <params>
            <param index="0">
              <value>
                <![CDATA[test-data/flight-reservation/passenger-1.json]]>
              </value>
            </param>
          </params>
          <reporter-output>
          </reporter-output>
        </test-method> <!-- setParameters -->
        <test-method signature="userRegistrationTest()[pri:0, instance:com.vinsguru.tests.flightreservation.FlightReservationTest@4032d386]" started-at="2024-08-24T10:21:27 GMT" name="userRegistrationTest" finished-at="2024-08-24T10:21:29 GMT" duration-ms="2141" status="PASS">
          <reporter-output>
          </reporter-output>
        </test-method> <!-- userRegistrationTest -->
        <test-method signature="registrationConfirmationTest()[pri:0, instance:com.vinsguru.tests.flightreservation.FlightReservationTest@4032d386]" started-at="2024-08-24T10:21:29 GMT" name="registrationConfirmationTest" finished-at="2024-08-24T10:21:31 GMT" depends-on-methods="com.vinsguru.tests.flightreservation.FlightReservationTest.userRegistrationTest" duration-ms="1730" status="PASS">
          <reporter-output>
          </reporter-output>
        </test-method> <!-- registrationConfirmationTest -->
        <test-method signature="flightsSearchTest()[pri:0, instance:com.vinsguru.tests.flightreservation.FlightReservationTest@4032d386]" started-at="2024-08-24T10:21:31 GMT" name="flightsSearchTest" finished-at="2024-08-24T10:21:33 GMT" depends-on-methods="com.vinsguru.tests.flightreservation.FlightReservationTest.registrationConfirmationTest" duration-ms="1864" status="PASS">
          <reporter-output>
          </reporter-output>
        </test-method> <!-- flightsSearchTest -->
        <test-method signature="flightsSelectionTest()[pri:0, instance:com.vinsguru.tests.flightreservation.FlightReservationTest@4032d386]" started-at="2024-08-24T10:21:33 GMT" name="flightsSelectionTest" finished-at="2024-08-24T10:21:34 GMT" depends-on-methods="com.vinsguru.tests.flightreservation.FlightReservationTest.flightsSearchTest" duration-ms="762" status="PASS">
          <reporter-output>
          </reporter-output>
        </test-method> <!-- flightsSelectionTest -->
        <test-method signature="flightReservationConfirmationTest()[pri:0, instance:com.vinsguru.tests.flightreservation.FlightReservationTest@4032d386]" started-at="2024-08-24T10:21:34 GMT" name="flightReservationConfirmationTest" finished-at="2024-08-24T10:21:34 GMT" depends-on-methods="com.vinsguru.tests.flightreservation.FlightReservationTest.flightsSelectionTest" duration-ms="639" status="PASS">
          <reporter-output>
          </reporter-output>
        </test-method> <!-- flightReservationConfirmationTest -->
        <test-method is-config="true" signature="quitDriver()[pri:0, instance:com.vinsguru.tests.flightreservation.FlightReservationTest@4032d386]" started-at="2024-08-24T10:21:34 GMT" name="quitDriver" finished-at="2024-08-24T10:21:34 GMT" duration-ms="75" status="PASS">
          <reporter-output>
          </reporter-output>
        </test-method> <!-- quitDriver -->
      </class> <!-- com.vinsguru.tests.flightreservation.FlightReservationTest -->
    </test> <!-- passengers-count-1 -->
    <test started-at="2024-08-24T10:21:26 GMT" name="passengers-count-2" finished-at="2024-08-24T10:21:35 GMT" duration-ms="8456">
      <class name="com.vinsguru.tests.flightreservation.FlightReservationTest">
        <test-method is-config="true" signature="setDriver(org.testng.ITestContext)[pri:0, instance:com.vinsguru.tests.flightreservation.FlightReservationTest@4278284b]" started-at="2024-08-24T10:21:26 GMT" name="setDriver" finished-at="2024-08-24T10:21:27 GMT" duration-ms="963" status="PASS">
          <params>
            <param index="0">
              <value>
                <![CDATA[org.testng.TestRunner@4c1f22f3]]>
              </value>
            </param>
          </params>
          <reporter-output>
          </reporter-output>
        </test-method> <!-- setDriver -->
        <test-method is-config="true" signature="setParameters(java.lang.String)[pri:0, instance:com.vinsguru.tests.flightreservation.FlightReservationTest@4278284b]" started-at="2024-08-24T10:21:27 GMT" name="setParameters" finished-at="2024-08-24T10:21:27 GMT" depends-on-methods="com.vinsguru.tests.AbstractTest.setDriver" duration-ms="185" status="PASS">
          <params>
            <param index="0">
              <value>
                <![CDATA[test-data/flight-reservation/passenger-2.json]]>
              </value>
            </param>
          </params>
          <reporter-output>
          </reporter-output>
        </test-method> <!-- setParameters -->
        <test-method signature="userRegistrationTest()[pri:0, instance:com.vinsguru.tests.flightreservation.FlightReservationTest@4278284b]" started-at="2024-08-24T10:21:27 GMT" name="userRegistrationTest" finished-at="2024-08-24T10:21:29 GMT" duration-ms="2177" status="PASS">
          <reporter-output>
          </reporter-output>
        </test-method> <!-- userRegistrationTest -->
        <test-method signature="registrationConfirmationTest()[pri:0, instance:com.vinsguru.tests.flightreservation.FlightReservationTest@4278284b]" started-at="2024-08-24T10:21:29 GMT" name="registrationConfirmationTest" finished-at="2024-08-24T10:21:30 GMT" depends-on-methods="com.vinsguru.tests.flightreservation.FlightReservationTest.userRegistrationTest" duration-ms="664" status="PASS">
          <reporter-output>
          </reporter-output>
        </test-method> <!-- registrationConfirmationTest -->
        <test-method signature="flightsSearchTest()[pri:0, instance:com.vinsguru.tests.flightreservation.FlightReservationTest@4278284b]" started-at="2024-08-24T10:21:30 GMT" name="flightsSearchTest" finished-at="2024-08-24T10:21:30 GMT" depends-on-methods="com.vinsguru.tests.flightreservation.FlightReservationTest.registrationConfirmationTest" duration-ms="289" status="PASS">
          <reporter-output>
          </reporter-output>
        </test-method> <!-- flightsSearchTest -->
        <test-method signature="flightsSelectionTest()[pri:0, instance:com.vinsguru.tests.flightreservation.FlightReservationTest@4278284b]" started-at="2024-08-24T10:21:30 GMT" name="flightsSelectionTest" finished-at="2024-08-24T10:21:33 GMT" depends-on-methods="com.vinsguru.tests.flightreservation.FlightReservationTest.flightsSearchTest" duration-ms="2379" status="PASS">
          <reporter-output>
          </reporter-output>
        </test-method> <!-- flightsSelectionTest -->
        <test-method signature="flightReservationConfirmationTest()[pri:0, instance:com.vinsguru.tests.flightreservation.FlightReservationTest@4278284b]" started-at="2024-08-24T10:21:33 GMT" name="flightReservationConfirmationTest" finished-at="2024-08-24T10:21:34 GMT" depends-on-methods="com.vinsguru.tests.flightreservation.FlightReservationTest.flightsSelectionTest" duration-ms="1700" status="PASS">
          <reporter-output>
          </reporter-output>
        </test-method> <!-- flightReservationConfirmationTest -->
        <test-method is-config="true" signature="quitDriver()[pri:0, instance:com.vinsguru.tests.flightreservation.FlightReservationTest@4278284b]" started-at="2024-08-24T10:21:34 GMT" name="quitDriver" finished-at="2024-08-24T10:21:35 GMT" duration-ms="74" status="PASS">
          <reporter-output>
          </reporter-output>
        </test-method> <!-- quitDriver -->
      </class> <!-- com.vinsguru.tests.flightreservation.FlightReservationTest -->
    </test> <!-- passengers-count-2 -->
    <test started-at="2024-08-24T10:21:26 GMT" name="passengers-count-4" finished-at="2024-08-24T10:21:35 GMT" duration-ms="9186">
      <class name="com.vinsguru.tests.flightreservation.FlightReservationTest">
        <test-method is-config="true" signature="setupConfig()[pri:0, instance:com.vinsguru.tests.flightreservation.FlightReservationTest@53251a66]" started-at="2024-08-24T10:21:26 GMT" name="setupConfig" finished-at="2024-08-24T10:21:26 GMT" duration-ms="9" status="PASS">
          <reporter-output>
          </reporter-output>
        </test-method> <!-- setupConfig -->
        <test-method is-config="true" signature="setDriver(org.testng.ITestContext)[pri:0, instance:com.vinsguru.tests.flightreservation.FlightReservationTest@53251a66]" started-at="2024-08-24T10:21:26 GMT" name="setDriver" finished-at="2024-08-24T10:21:27 GMT" duration-ms="926" status="PASS">
          <params>
            <param index="0">
              <value>
                <![CDATA[org.testng.TestRunner@5a755cc1]]>
              </value>
            </param>
          </params>
          <reporter-output>
          </reporter-output>
        </test-method> <!-- setDriver -->
        <test-method is-config="true" signature="setParameters(java.lang.String)[pri:0, instance:com.vinsguru.tests.flightreservation.FlightReservationTest@53251a66]" started-at="2024-08-24T10:21:27 GMT" name="setParameters" finished-at="2024-08-24T10:21:27 GMT" depends-on-methods="com.vinsguru.tests.AbstractTest.setDriver" duration-ms="222" status="PASS">
          <params>
            <param index="0">
              <value>
                <![CDATA[test-data/flight-reservation/passenger-4.json]]>
              </value>
            </param>
          </params>
          <reporter-output>
          </reporter-output>
        </test-method> <!-- setParameters -->
        <test-method signature="userRegistrationTest()[pri:0, instance:com.vinsguru.tests.flightreservation.FlightReservationTest@53251a66]" started-at="2024-08-24T10:21:27 GMT" name="userRegistrationTest" finished-at="2024-08-24T10:21:30 GMT" duration-ms="2375" status="PASS">
          <reporter-output>
          </reporter-output>
        </test-method> <!-- userRegistrationTest -->
        <test-method signature="registrationConfirmationTest()[pri:0, instance:com.vinsguru.tests.flightreservation.FlightReservationTest@53251a66]" started-at="2024-08-24T10:21:30 GMT" name="registrationConfirmationTest" finished-at="2024-08-24T10:21:31 GMT" depends-on-methods="com.vinsguru.tests.flightreservation.FlightReservationTest.userRegistrationTest" duration-ms="1216" status="PASS">
          <reporter-output>
          </reporter-output>
        </test-method> <!-- registrationConfirmationTest -->
        <test-method signature="flightsSearchTest()[pri:0, instance:com.vinsguru.tests.flightreservation.FlightReservationTest@53251a66]" started-at="2024-08-24T10:21:31 GMT" name="flightsSearchTest" finished-at="2024-08-24T10:21:32 GMT" depends-on-methods="com.vinsguru.tests.flightreservation.FlightReservationTest.registrationConfirmationTest" duration-ms="811" status="PASS">
          <reporter-output>
          </reporter-output>
        </test-method> <!-- flightsSearchTest -->
        <test-method signature="flightsSelectionTest()[pri:0, instance:com.vinsguru.tests.flightreservation.FlightReservationTest@53251a66]" started-at="2024-08-24T10:21:32 GMT" name="flightsSelectionTest" finished-at="2024-08-24T10:21:33 GMT" depends-on-methods="com.vinsguru.tests.flightreservation.FlightReservationTest.flightsSearchTest" duration-ms="1335" status="PASS">
          <reporter-output>
          </reporter-output>
        </test-method> <!-- flightsSelectionTest -->
        <test-method signature="flightReservationConfirmationTest()[pri:0, instance:com.vinsguru.tests.flightreservation.FlightReservationTest@53251a66]" started-at="2024-08-24T10:21:33 GMT" name="flightReservationConfirmationTest" finished-at="2024-08-24T10:21:35 GMT" depends-on-methods="com.vinsguru.tests.flightreservation.FlightReservationTest.flightsSelectionTest" duration-ms="2203" status="PASS">
          <reporter-output>
          </reporter-output>
        </test-method> <!-- flightReservationConfirmationTest -->
        <test-method is-config="true" signature="quitDriver()[pri:0, instance:com.vinsguru.tests.flightreservation.FlightReservationTest@53251a66]" started-at="2024-08-24T10:21:35 GMT" name="quitDriver" finished-at="2024-08-24T10:21:35 GMT" duration-ms="74" status="PASS">
          <reporter-output>
          </reporter-output>
        </test-method> <!-- quitDriver -->
      </class> <!-- com.vinsguru.tests.flightreservation.FlightReservationTest -->
    </test> <!-- passengers-count-4 -->
    <test started-at="2024-08-24T10:21:26 GMT" name="passengers-count-3" finished-at="2024-08-24T10:21:59 GMT" duration-ms="32543">
      <class name="com.vinsguru.tests.flightreservation.FlightReservationTest">
        <test-method is-config="true" signature="setDriver(org.testng.ITestContext)[pri:0, instance:com.vinsguru.tests.flightreservation.FlightReservationTest@3370f42]" started-at="2024-08-24T10:21:26 GMT" name="setDriver" finished-at="2024-08-24T10:21:27 GMT" duration-ms="926" status="PASS">
          <params>
            <param index="0">
              <value>
                <![CDATA[org.testng.TestRunner@598bd2ba]]>
              </value>
            </param>
          </params>
          <reporter-output>
          </reporter-output>
        </test-method> <!-- setDriver -->
        <test-method is-config="true" signature="setParameters(java.lang.String)[pri:0, instance:com.vinsguru.tests.flightreservation.FlightReservationTest@3370f42]" started-at="2024-08-24T10:21:27 GMT" name="setParameters" finished-at="2024-08-24T10:21:27 GMT" depends-on-methods="com.vinsguru.tests.AbstractTest.setDriver" duration-ms="222" status="PASS">
          <params>
            <param index="0">
              <value>
                <![CDATA[test-data/flight-reservation/passenger-3.json]]>
              </value>
            </param>
          </params>
          <reporter-output>
          </reporter-output>
        </test-method> <!-- setParameters -->
        <test-method signature="userRegistrationTest()[pri:0, instance:com.vinsguru.tests.flightreservation.FlightReservationTest@3370f42]" started-at="2024-08-24T10:21:27 GMT" name="userRegistrationTest" finished-at="2024-08-24T10:21:50 GMT" duration-ms="23194" status="PASS">
          <reporter-output>
          </reporter-output>
        </test-method> <!-- userRegistrationTest -->
        <test-method signature="registrationConfirmationTest()[pri:0, instance:com.vinsguru.tests.flightreservation.FlightReservationTest@3370f42]" started-at="2024-08-24T10:21:50 GMT" name="registrationConfirmationTest" finished-at="2024-08-24T10:21:52 GMT" depends-on-methods="com.vinsguru.tests.flightreservation.FlightReservationTest.userRegistrationTest" duration-ms="1193" status="PASS">
          <reporter-output>
          </reporter-output>
        </test-method> <!-- registrationConfirmationTest -->
        <test-method signature="flightsSearchTest()[pri:0, instance:com.vinsguru.tests.flightreservation.FlightReservationTest@3370f42]" started-at="2024-08-24T10:21:52 GMT" name="flightsSearchTest" finished-at="2024-08-24T10:21:54 GMT" depends-on-methods="com.vinsguru.tests.flightreservation.FlightReservationTest.registrationConfirmationTest" duration-ms="2352" status="PASS">
          <reporter-output>
          </reporter-output>
        </test-method> <!-- flightsSearchTest -->
        <test-method signature="flightsSelectionTest()[pri:0, instance:com.vinsguru.tests.flightreservation.FlightReservationTest@3370f42]" started-at="2024-08-24T10:21:54 GMT" name="flightsSelectionTest" finished-at="2024-08-24T10:21:56 GMT" depends-on-methods="com.vinsguru.tests.flightreservation.FlightReservationTest.flightsSearchTest" duration-ms="2339" status="PASS">
          <reporter-output>
          </reporter-output>
        </test-method> <!-- flightsSelectionTest -->
        <test-method signature="flightReservationConfirmationTest()[pri:0, instance:com.vinsguru.tests.flightreservation.FlightReservationTest@3370f42]" started-at="2024-08-24T10:21:56 GMT" name="flightReservationConfirmationTest" finished-at="2024-08-24T10:21:59 GMT" depends-on-methods="com.vinsguru.tests.flightreservation.FlightReservationTest.flightsSelectionTest" duration-ms="2216" status="PASS">
          <reporter-output>
          </reporter-output>
        </test-method> <!-- flightReservationConfirmationTest -->
        <test-method is-config="true" signature="quitDriver()[pri:0, instance:com.vinsguru.tests.flightreservation.FlightReservationTest@3370f42]" started-at="2024-08-24T10:21:59 GMT" name="quitDriver" finished-at="2024-08-24T10:21:59 GMT" duration-ms="76" status="PASS">
          <reporter-output>
          </reporter-output>
        </test-method> <!-- quitDriver -->
      </class> <!-- com.vinsguru.tests.flightreservation.FlightReservationTest -->
    </test> <!-- passengers-count-3 -->
  </suite> <!-- flight-reservation -->
</testng-results>
