<?xml version="1.0" encoding="UTF-8"?>
<testng-results ignored="0" total="9" passed="9" failed="0" skipped="0">
  <reporter-output>
  </reporter-output>
  <suite started-at="2024-08-24T10:21:26 GMT" name="vendor-portal" finished-at="2024-08-24T10:21:34 GMT" duration-ms="8224">
    <groups>
    </groups>
    <test started-at="2024-08-24T10:21:26 GMT" name="user-sam" finished-at="2024-08-24T10:21:32 GMT" duration-ms="6220">
      <class name="com.vinsguru.tests.vendorportal.VendorPortalTest">
        <test-method is-config="true" signature="setDriver(org.testng.ITestContext)[pri:0, instance:com.vinsguru.tests.vendorportal.VendorPortalTest@31920ade]" started-at="2024-08-24T10:21:26 GMT" name="setDriver" finished-at="2024-08-24T10:21:27 GMT" duration-ms="996" status="PASS">
          <params>
            <param index="0">
              <value>
                <![CDATA[org.testng.TestRunner@6ce86ce1]]>
              </value>
            </param>
          </params>
          <reporter-output>
          </reporter-output>
        </test-method> <!-- setDriver -->
        <test-method is-config="true" signature="setPageObjects(java.lang.String)[pri:0, instance:com.vinsguru.tests.vendorportal.VendorPortalTest@31920ade]" started-at="2024-08-24T10:21:27 GMT" name="setPageObjects" finished-at="2024-08-24T10:21:27 GMT" depends-on-methods="com.vinsguru.tests.AbstractTest.setDriver" duration-ms="207" status="PASS">
          <params>
            <param index="0">
              <value>
                <![CDATA[test-data/vendor-portal/sam.json]]>
              </value>
            </param>
          </params>
          <reporter-output>
          </reporter-output>
        </test-method> <!-- setPageObjects -->
        <test-method signature="loginTest()[pri:0, instance:com.vinsguru.tests.vendorportal.VendorPortalTest@31920ade]" started-at="2024-08-24T10:21:27 GMT" name="loginTest" finished-at="2024-08-24T10:21:29 GMT" duration-ms="1379" status="PASS">
          <reporter-output>
          </reporter-output>
        </test-method> <!-- loginTest -->
        <test-method signature="dashboardTest()[pri:0, instance:com.vinsguru.tests.vendorportal.VendorPortalTest@31920ade]" started-at="2024-08-24T10:21:29 GMT" name="dashboardTest" finished-at="2024-08-24T10:21:31 GMT" depends-on-methods="com.vinsguru.tests.vendorportal.VendorPortalTest.loginTest" duration-ms="2597" status="PASS">
          <reporter-output>
          </reporter-output>
        </test-method> <!-- dashboardTest -->
        <test-method signature="logoutTest()[pri:0, instance:com.vinsguru.tests.vendorportal.VendorPortalTest@31920ade]" started-at="2024-08-24T10:21:31 GMT" name="logoutTest" finished-at="2024-08-24T10:21:32 GMT" depends-on-methods="com.vinsguru.tests.vendorportal.VendorPortalTest.dashboardTest" duration-ms="947" status="PASS">
          <reporter-output>
          </reporter-output>
        </test-method> <!-- logoutTest -->
        <test-method is-config="true" signature="quitDriver()[pri:0, instance:com.vinsguru.tests.vendorportal.VendorPortalTest@31920ade]" started-at="2024-08-24T10:21:32 GMT" name="quitDriver" finished-at="2024-08-24T10:21:32 GMT" duration-ms="75" status="PASS">
          <reporter-output>
          </reporter-output>
        </test-method> <!-- quitDriver -->
      </class> <!-- com.vinsguru.tests.vendorportal.VendorPortalTest -->
    </test> <!-- user-sam -->
    <test started-at="2024-08-24T10:21:26 GMT" name="user-mike" finished-at="2024-08-24T10:21:34 GMT" duration-ms="7765">
      <class name="com.vinsguru.tests.vendorportal.VendorPortalTest">
        <test-method is-config="true" signature="setDriver(org.testng.ITestContext)[pri:0, instance:com.vinsguru.tests.vendorportal.VendorPortalTest@332729ad]" started-at="2024-08-24T10:21:26 GMT" name="setDriver" finished-at="2024-08-24T10:21:27 GMT" duration-ms="996" status="PASS">
          <params>
            <param index="0">
              <value>
                <![CDATA[org.testng.TestRunner@54e7df6a]]>
              </value>
            </param>
          </params>
          <reporter-output>
          </reporter-output>
        </test-method> <!-- setDriver -->
        <test-method is-config="true" signature="setPageObjects(java.lang.String)[pri:0, instance:com.vinsguru.tests.vendorportal.VendorPortalTest@332729ad]" started-at="2024-08-24T10:21:27 GMT" name="setPageObjects" finished-at="2024-08-24T10:21:27 GMT" depends-on-methods="com.vinsguru.tests.AbstractTest.setDriver" duration-ms="207" status="PASS">
          <params>
            <param index="0">
              <value>
                <![CDATA[test-data/vendor-portal/mike.json]]>
              </value>
            </param>
          </params>
          <reporter-output>
          </reporter-output>
        </test-method> <!-- setPageObjects -->
        <test-method signature="loginTest()[pri:0, instance:com.vinsguru.tests.vendorportal.VendorPortalTest@332729ad]" started-at="2024-08-24T10:21:27 GMT" name="loginTest" finished-at="2024-08-24T10:21:29 GMT" duration-ms="1316" status="PASS">
          <reporter-output>
          </reporter-output>
        </test-method> <!-- loginTest -->
        <test-method signature="dashboardTest()[pri:0, instance:com.vinsguru.tests.vendorportal.VendorPortalTest@332729ad]" started-at="2024-08-24T10:21:29 GMT" name="dashboardTest" finished-at="2024-08-24T10:21:32 GMT" depends-on-methods="com.vinsguru.tests.vendorportal.VendorPortalTest.loginTest" duration-ms="3726" status="PASS">
          <reporter-output>
          </reporter-output>
        </test-method> <!-- dashboardTest -->
        <test-method signature="logoutTest()[pri:0, instance:com.vinsguru.tests.vendorportal.VendorPortalTest@332729ad]" started-at="2024-08-24T10:21:32 GMT" name="logoutTest" finished-at="2024-08-24T10:21:34 GMT" depends-on-methods="com.vinsguru.tests.vendorportal.VendorPortalTest.dashboardTest" duration-ms="1422" status="PASS">
          <reporter-output>
          </reporter-output>
        </test-method> <!-- logoutTest -->
        <test-method is-config="true" signature="quitDriver()[pri:0, instance:com.vinsguru.tests.vendorportal.VendorPortalTest@332729ad]" started-at="2024-08-24T10:21:34 GMT" name="quitDriver" finished-at="2024-08-24T10:21:34 GMT" duration-ms="76" status="PASS">
          <reporter-output>
          </reporter-output>
        </test-method> <!-- quitDriver -->
      </class> <!-- com.vinsguru.tests.vendorportal.VendorPortalTest -->
    </test> <!-- user-mike -->
    <test started-at="2024-08-24T10:21:26 GMT" name="user-john" finished-at="2024-08-24T10:21:34 GMT" duration-ms="8224">
      <class name="com.vinsguru.tests.vendorportal.VendorPortalTest">
        <test-method is-config="true" signature="setupConfig()[pri:0, instance:com.vinsguru.tests.vendorportal.VendorPortalTest@4278284b]" started-at="2024-08-24T10:21:26 GMT" name="setupConfig" finished-at="2024-08-24T10:21:26 GMT" duration-ms="9" status="PASS">
          <reporter-output>
          </reporter-output>
        </test-method> <!-- setupConfig -->
        <test-method is-config="true" signature="setDriver(org.testng.ITestContext)[pri:0, instance:com.vinsguru.tests.vendorportal.VendorPortalTest@4278284b]" started-at="2024-08-24T10:21:26 GMT" name="setDriver" finished-at="2024-08-24T10:21:27 GMT" duration-ms="996" status="PASS">
          <params>
            <param index="0">
              <value>
                <![CDATA[org.testng.TestRunner@3fed2870]]>
              </value>
            </param>
          </params>
          <reporter-output>
          </reporter-output>
        </test-method> <!-- setDriver -->
        <test-method is-config="true" signature="setPageObjects(java.lang.String)[pri:0, instance:com.vinsguru.tests.vendorportal.VendorPortalTest@4278284b]" started-at="2024-08-24T10:21:27 GMT" name="setPageObjects" finished-at="2024-08-24T10:21:27 GMT" depends-on-methods="com.vinsguru.tests.AbstractTest.setDriver" duration-ms="207" status="PASS">
          <params>
            <param index="0">
              <value>
                <![CDATA[test-data/vendor-portal/john.json]]>
              </value>
            </param>
          </params>
          <reporter-output>
          </reporter-output>
        </test-method> <!-- setPageObjects -->
        <test-method signature="loginTest()[pri:0, instance:com.vinsguru.tests.vendorportal.VendorPortalTest@4278284b]" started-at="2024-08-24T10:21:27 GMT" name="loginTest" finished-at="2024-08-24T10:21:29 GMT" duration-ms="1401" status="PASS">
          <reporter-output>
          </reporter-output>
        </test-method> <!-- loginTest -->
        <test-method signature="dashboardTest()[pri:0, instance:com.vinsguru.tests.vendorportal.VendorPortalTest@4278284b]" started-at="2024-08-24T10:21:29 GMT" name="dashboardTest" finished-at="2024-08-24T10:21:33 GMT" depends-on-methods="com.vinsguru.tests.vendorportal.VendorPortalTest.loginTest" duration-ms="4057" status="PASS">
          <reporter-output>
          </reporter-output>
        </test-method> <!-- dashboardTest -->
        <test-method signature="logoutTest()[pri:0, instance:com.vinsguru.tests.vendorportal.VendorPortalTest@4278284b]" started-at="2024-08-24T10:21:33 GMT" name="logoutTest" finished-at="2024-08-24T10:21:34 GMT" depends-on-methods="com.vinsguru.tests.vendorportal.VendorPortalTest.dashboardTest" duration-ms="1467" status="PASS">
          <reporter-output>
          </reporter-output>
        </test-method> <!-- logoutTest -->
        <test-method is-config="true" signature="quitDriver()[pri:0, instance:com.vinsguru.tests.vendorportal.VendorPortalTest@4278284b]" started-at="2024-08-24T10:21:34 GMT" name="quitDriver" finished-at="2024-08-24T10:21:34 GMT" duration-ms="76" status="PASS">
          <reporter-output>
          </reporter-output>
        </test-method> <!-- quitDriver -->
      </class> <!-- com.vinsguru.tests.vendorportal.VendorPortalTest -->
    </test> <!-- user-john -->
  </suite> <!-- vendor-portal -->
</testng-results>
